[16:17:35] [ServerMain/INFO]: [bootstrap] Running Java 21 (OpenJDK 64-Bit Server VM 21.0.7+6-Ubuntu-0ubuntu120.04; Ubuntu null) on Linux 6.8.0-1027-azure (amd64)
[16:17:35] [ServerMain/INFO]: [bootstrap] Loading Paper 1.21-130-master@b1b5d4c (2024-08-10T10:02:42Z) for Minecraft 1.21
[16:17:35] [ServerMain/INFO]: [PluginInitializerManager] Initializing plugins...
[16:17:35] [ServerMain/INFO]: [PluginInitializerManager] Initialized 0 plugins
[16:17:36] [Paper Plugin Remapper Thread - 1/INFO]: [ReobfServer] Remapping server...
[16:17:42] [ServerMain/INFO]: Environment: Environment[sessionHost=https://sessionserver.mojang.com, servicesHost=https://api.minecraftservices.com, name=PROD]
[16:17:42] [ServerMain/INFO]: Found new data pack file/bukkit, loading it automatically
[16:17:42] [ServerMain/INFO]: Found new data pack paper, loading it automatically
[16:17:43] [ServerMain/INFO]: No existing world data, creating new world
[16:17:44] [Paper Plugin Remapper Thread - 1/INFO]: [ReobfServer] Done remapping server in 8353ms.
[16:17:44] [ServerMain/INFO]: Loaded 1290 recipes
[16:17:45] [ServerMain/INFO]: Loaded 1399 advancements
[16:17:45] [Server thread/INFO]: Starting minecraft server version 1.21
[16:17:45] [Server thread/INFO]: Loading properties
[16:17:45] [Server thread/INFO]: This server is running Paper version 1.21-130-master@b1b5d4c (2024-08-10T10:02:42Z) (Implementing API version 1.21-R0.1-SNAPSHOT)
[16:17:46] [Server thread/INFO]: [spark] This server bundles the spark profiler. For more information please visit https://docs.papermc.io/paper/profiling
[16:17:46] [Server thread/INFO]: Server Ping Player Sample Count: 12
[16:17:46] [Server thread/INFO]: Using 4 threads for Netty based IO
[16:17:46] [Server thread/INFO]: [ChunkTaskScheduler] Chunk system is using 1 I/O threads, 1 worker threads, and population gen parallelism of 1 threads
[16:17:47] [Server thread/INFO]: Default game type: SURVIVAL
[16:17:47] [Server thread/INFO]: Generating keypair
[16:17:47] [Server thread/INFO]: Starting Minecraft server on *:25565
[16:17:47] [Server thread/INFO]: Using epoll channel type
[16:17:47] [Server thread/INFO]: Paper: Using libdeflate (Linux x86_64) compression from Velocity.
[16:17:47] [Server thread/INFO]: Paper: Using OpenSSL 1.1.x (Linux x86_64) cipher from Velocity.
[16:17:47] [Server thread/WARN]: **** SERVER IS RUNNING IN OFFLINE/INSECURE MODE!
[16:17:47] [Server thread/WARN]: The server will make no attempt to authenticate usernames. Beware.
[16:17:47] [Server thread/WARN]: While this makes the game possible to play without internet access, it also opens up the ability for hackers to connect with any username they choose.
[16:17:47] [Server thread/WARN]: To change this, set "online-mode" to "true" in the server.properties file.
[16:17:47] [Server thread/INFO]: Preparing level "world"
[16:17:58] [Server thread/INFO]: Preparing start region for dimension minecraft:overworld
[16:18:03] [Server thread/INFO]: Time elapsed: 5648 ms
[16:18:03] [Server thread/INFO]: Preparing start region for dimension minecraft:the_nether
[16:18:05] [Server thread/INFO]: Time elapsed: 1773 ms
[16:18:05] [Server thread/INFO]: Preparing start region for dimension minecraft:the_end
[16:18:06] [Server thread/INFO]: Time elapsed: 527 ms
[16:18:06] [Server thread/INFO]: [spark] Starting background profiler...
[16:18:06] [Server thread/INFO]: Done preparing level "world" (19.122s)
[16:18:06] [Server thread/INFO]: Running delayed init tasks
[16:18:06] [Server thread/INFO]: Done (31.600s)! For help, type "help"
[16:18:06] [Server thread/INFO]: *************************************************************************************
[16:18:06] [Server thread/INFO]: This is the first time you're starting this server.
[16:18:06] [Server thread/INFO]: It's recommended you read our 'Getting Started' documentation for guidance.
[16:18:06] [Server thread/INFO]: View this and more helpful information here: https://docs.papermc.io/paper/next-steps
[16:18:06] [Server thread/INFO]: *************************************************************************************
[16:18:06] [Server thread/INFO]: Timings Reset
[16:21:26] [User Authenticator #0/INFO]: UUID of player Hacta is 9e7e4803-0b3b-32c5-a2c2-858b8f314c1b
[16:21:29] [Server thread/INFO]: Hacta joined the game
[16:21:29] [Server thread/INFO]: Hacta[/127.135.173.144:34565] logged in with entity id 41 at ([world]45.5, 84.0, 37.5)
[16:21:58] [Server thread/INFO]: Made Hacta a server operator
[16:22:09] [Server thread/INFO]: Hacta issued server command: /gamemode creative
[16:22:09] [Server thread/INFO]: [Hacta: Set own game mode to Creative Mode]
[16:22:18] [Server thread/INFO]: Hacta issued server command: /seed
[16:24:25] [Server thread/INFO]: Set Hacta's game mode to Survival Mode
[16:24:30] [Server thread/INFO]: Hacta issued server command: /seed
[16:24:31] [Server thread/INFO]: Hacta issued server command: /gamemode creative
[16:24:31] [Server thread/INFO]: [Hacta: Set own game mode to Creative Mode]
[16:36:03] [Server thread/INFO]: Hacta lost connection: Disconnected
[16:36:03] [Server thread/INFO]: Hacta left the game
[16:36:45] [Server thread/INFO]: Unknown or incomplete command, see below for error
off<--[HERE]
[16:36:53] [Server thread/INFO]: Unknown or incomplete command, see below for error
down<--[HERE]
[16:37:00] [User Authenticator #1/INFO]: UUID of player Hacta is 9e7e4803-0b3b-32c5-a2c2-858b8f314c1b
[16:37:02] [Server thread/INFO]: Hacta joined the game
[16:37:02] [Server thread/INFO]: Hacta[/127.135.173.144:52117] logged in with entity id 2402 at ([world]-16.96302937035656, 93.0, 61.27586728153654)
[16:37:42] [Server thread/INFO]: Hacta issued server command: /save-off
[16:37:42] [Server thread/INFO]: [Hacta: Automatic saving is now disabled]
[16:37:51] [Server thread/INFO]: Hacta issued server command: /schedule
